<?xml version="1.0" encoding="UTF-8" ?>
<testsuite tests="3" failures="0" name="com.javatechie.StringPalindrome.AppTest" time="0.009" errors="0" skipped="0">
  <properties>
[...]
</properties>
  <testcase classname="com.javatechie.StringPalindrome.AppTest" name="isNotPlaindromeTest" time="0.009"/>
  <testcase classname="com.javatechie.StringPalindrome.AppTest" name="isNotPlaindromeExceptionTest" time="0"/>
  <testcase classname="com.javatechie.StringPalindrome.AppTest" name="isPlaindromeTest" time="0"/>
</testsuite>